{"name": "test_chrome_options", "status": "failed", "statusDetails": {"message": "AssertionError: assert True == False", "trace": "def test_chrome_options():\n        chrome_options = Options()\n        chrome_options.add_argument(\"--incognito\")\n        chrome_options.add_argument(\"--start-maximized\")\n        chrome_options.add_argument(\"--window-size=900,600\")\n        chrome_options.add_argument(\"--headless\")\n        driver = webdriver.Chrome(chrome_options)\n        driver.get(\"https://katalon-demo-cura.herokuapp.com/\")\n    \n>       assert True == False\nE       assert True == False\n\nsrc\\ex_2_17102024\\test_lab005.py:14: AssertionError"}, "start": 1731870097154, "stop": 1731870103559, "uuid": "d39b4529-42ea-4e8d-b00b-004c3390721f", "historyId": "3d401b47a79562db710f1c59d4fed341", "testCaseId": "3d401b47a79562db710f1c59d4fed341", "fullName": "src.ex_2_17102024.test_lab005#test_chrome_options", "labels": [{"name": "parentSuite", "value": "src.ex_2_17102024"}, {"name": "suite", "value": "test_lab005"}, {"name": "host", "value": "Prashant"}, {"name": "thread", "value": "17552-MainThread"}, {"name": "framework", "value": "pytest"}, {"name": "language", "value": "cpython3"}, {"name": "package", "value": "src.ex_2_17102024.test_lab005"}]}